<?xml version="1.0" encoding="UTF-8"?>
<robot generator="Robot 4.1.3 (Python 3.10.2 on win32)" generated="20220210 20:06:49.959" rpa="false" schemaversion="2">
<suite id="s1" name="TestSitePractice" source="C:\Projeto Robot\suiteSiteTestes\tests\TestSitePractice.robot">
<test id="s1-t1" name="Caso de Teste 01: Pesquisar produto existente">
<kw name="Abrir navegador" library="Resource" type="SETUP">
<kw name="Open Browser" library="SeleniumLibrary">
<arg>about:blank</arg>
<arg>${BROWSER}</arg>
<doc>Opens a new browser instance to the optional ``url``.</doc>
<msg timestamp="20220210 20:06:50.160" level="INFO">Opening browser 'chrome' to base url 'about:blank'.</msg>
<status status="PASS" starttime="20220210 20:06:50.160" endtime="20220210 20:06:51.759"/>
</kw>
<status status="PASS" starttime="20220210 20:06:50.160" endtime="20220210 20:06:51.759"/>
</kw>
<kw name="Acessar a página home do site" library="Resource">
<kw name="Go To" library="SeleniumLibrary">
<arg>http://automationpractice.com</arg>
<doc>Navigates the current browser window to the provided ``url``.</doc>
<msg timestamp="20220210 20:06:51.761" level="INFO">Opening url 'http://automationpractice.com'</msg>
<status status="PASS" starttime="20220210 20:06:51.761" endtime="20220210 20:07:01.867"/>
</kw>
<kw name="Title Should Be" library="SeleniumLibrary">
<arg>My Store</arg>
<doc>Verifies that the current page title equals ``title``.</doc>
<msg timestamp="20220210 20:07:01.880" level="INFO">Page title is 'My Store'.</msg>
<status status="PASS" starttime="20220210 20:07:01.867" endtime="20220210 20:07:01.881"/>
</kw>
<status status="PASS" starttime="20220210 20:06:51.760" endtime="20220210 20:07:01.881"/>
</kw>
<kw name="Digitar o nome do produto &quot;Blouse&quot; no campo de pesquisa" library="Resource" sourcename="Digitar o nome do produto &quot;${produto}&quot; no campo de pesquisa">
<kw name="Input Text" library="SeleniumLibrary">
<arg>name=search_query</arg>
<arg>${produto}</arg>
<doc>Types the given ``text`` into the text field identified by ``locator``.</doc>
<msg timestamp="20220210 20:07:01.885" level="INFO">Typing text 'Blouse' into text field 'name=search_query'.</msg>
<status status="PASS" starttime="20220210 20:07:01.884" endtime="20220210 20:07:02.052"/>
</kw>
<status status="PASS" starttime="20220210 20:07:01.882" endtime="20220210 20:07:02.053"/>
</kw>
<kw name="Clicar no botão Pesquisar" library="Resource">
<kw name="Click Element" library="SeleniumLibrary">
<arg>name=submit_search</arg>
<doc>Click the element identified by ``locator``.</doc>
<msg timestamp="20220210 20:07:02.055" level="INFO">Clicking element 'name=submit_search'.</msg>
<status status="PASS" starttime="20220210 20:07:02.054" endtime="20220210 20:07:03.671"/>
</kw>
<status status="PASS" starttime="20220210 20:07:02.053" endtime="20220210 20:07:03.672"/>
</kw>
<kw name="Conferir se o produto &quot;Blouse&quot; foi listado no site" library="Resource" sourcename="Conferir se o produto &quot;${produto}&quot; foi listado no site">
<kw name="Wait Until Element Is Visible" library="SeleniumLibrary">
<arg>css=#center_column &gt; h1</arg>
<doc>Waits until the element ``locator`` is visible.</doc>
<status status="PASS" starttime="20220210 20:07:03.676" endtime="20220210 20:07:03.739"/>
</kw>
<kw name="Title Should Be" library="SeleniumLibrary">
<arg>Search - My Store</arg>
<doc>Verifies that the current page title equals ``title``.</doc>
<msg timestamp="20220210 20:07:03.748" level="INFO">Page title is 'Search - My Store'.</msg>
<status status="PASS" starttime="20220210 20:07:03.740" endtime="20220210 20:07:03.748"/>
</kw>
<status status="PASS" starttime="20220210 20:07:03.674" endtime="20220210 20:07:03.749"/>
</kw>
<kw name="Fechar navegador" library="Resource" type="TEARDOWN">
<kw name="Close Browser" library="SeleniumLibrary">
<doc>Closes the current browser.</doc>
<status status="PASS" starttime="20220210 20:07:03.751" endtime="20220210 20:07:05.953"/>
</kw>
<status status="PASS" starttime="20220210 20:07:03.750" endtime="20220210 20:07:05.953"/>
</kw>
<status status="PASS" starttime="20220210 20:06:50.159" endtime="20220210 20:07:05.955"/>
</test>
<test id="s1-t2" name="Caso de Teste 02: Pesquisar produto não existente">
<kw name="Abrir navegador" library="Resource" type="SETUP">
<kw name="Open Browser" library="SeleniumLibrary">
<arg>about:blank</arg>
<arg>${BROWSER}</arg>
<doc>Opens a new browser instance to the optional ``url``.</doc>
<msg timestamp="20220210 20:07:05.966" level="INFO">Opening browser 'chrome' to base url 'about:blank'.</msg>
<status status="PASS" starttime="20220210 20:07:05.965" endtime="20220210 20:07:07.659"/>
</kw>
<status status="PASS" starttime="20220210 20:07:05.963" endtime="20220210 20:07:07.659"/>
</kw>
<kw name="Acessar a página home do site.">
<msg timestamp="20220210 20:07:07.672" level="FAIL">No keyword with name 'Acessar a página home do site.' found.</msg>
<status status="FAIL" starttime="20220210 20:07:07.672" endtime="20220210 20:07:07.672"/>
</kw>
<kw name="Digitar o nome do produto &quot;itemInexistente&quot; no campo de pesquisa.">
<status status="NOT RUN" starttime="20220210 20:07:07.679" endtime="20220210 20:07:07.679"/>
</kw>
<kw name="Clicar no botão Pesquisar" library="Resource">
<status status="NOT RUN" starttime="20220210 20:07:07.679" endtime="20220210 20:07:07.680"/>
</kw>
<kw name="Conferir mensagem de erro &quot;No results were found for your search &quot;itemNaoExistente&quot;&quot;" library="Resource" sourcename="Conferir mensagem de erro &quot;No results were found for your search &quot;${MENSAGEM_ALERTA}&quot;&quot;">
<status status="NOT RUN" starttime="20220210 20:07:07.680" endtime="20220210 20:07:07.680"/>
</kw>
<kw name="Fechar navegador" library="Resource" type="TEARDOWN">
<kw name="Close Browser" library="SeleniumLibrary">
<doc>Closes the current browser.</doc>
<status status="PASS" starttime="20220210 20:07:07.681" endtime="20220210 20:07:09.854"/>
</kw>
<status status="PASS" starttime="20220210 20:07:07.681" endtime="20220210 20:07:09.854"/>
</kw>
<status status="FAIL" starttime="20220210 20:07:05.960" endtime="20220210 20:07:09.856">No keyword with name 'Acessar a página home do site.' found.</status>
</test>
<status status="FAIL" starttime="20220210 20:06:49.960" endtime="20220210 20:07:09.863"/>
</suite>
<statistics>
<total>
<stat pass="1" fail="1" skip="0">All Tests</stat>
</total>
<tag>
</tag>
<suite>
<stat pass="1" fail="1" skip="0" id="s1" name="TestSitePractice">TestSitePractice</stat>
</suite>
</statistics>
<errors>
</errors>
</robot>
