<?xml version="1.0" encoding="UTF-8"?>
<robot generator="Robot 4.1.3 (Python 3.10.2 on win32)" generated="20220210 18:49:17.922" rpa="false" schemaversion="2">
<suite id="s1" name="TestSitePractice" source="C:\Projeto Robot\suiteSiteTestes\tests\TestSitePractice.robot">
<test id="s1-t1" name="Caso de Teste 01: Pesquisar produto existente">
<kw name="Abrir navegador" library="Resource" type="SETUP">
<kw name="Open Browser" library="SeleniumLibrary">
<arg>about:blank</arg>
<arg>${BROWSER}</arg>
<doc>Opens a new browser instance to the optional ``url``.</doc>
<msg timestamp="20220210 18:49:18.126" level="INFO">Opening browser 'chrome' to base url 'about:blank'.</msg>
<status status="PASS" starttime="20220210 18:49:18.125" endtime="20220210 18:49:19.384"/>
</kw>
<status status="PASS" starttime="20220210 18:49:18.125" endtime="20220210 18:49:19.384"/>
</kw>
<kw name="Acessar a página home do site" library="Resource">
<kw name="Go To" library="SeleniumLibrary">
<arg>http://automationpractice.com</arg>
<doc>Navigates the current browser window to the provided ``url``.</doc>
<msg timestamp="20220210 18:49:19.385" level="INFO">Opening url 'http://automationpractice.com'</msg>
<status status="PASS" starttime="20220210 18:49:19.385" endtime="20220210 18:49:26.705"/>
</kw>
<kw name="Title Should Be" library="SeleniumLibrary">
<arg>My Store</arg>
<doc>Verifies that the current page title equals ``title``.</doc>
<msg timestamp="20220210 18:49:26.714" level="INFO">Page title is 'My Store'.</msg>
<status status="PASS" starttime="20220210 18:49:26.706" endtime="20220210 18:49:26.714"/>
</kw>
<status status="PASS" starttime="20220210 18:49:19.384" endtime="20220210 18:49:26.715"/>
</kw>
<kw name="Digitar o nome do produto &quot;Blouse&quot; no campo de pesquisa" library="Resource" sourcename="Digitar o nome do produto &quot;${produto}&quot; no campo de pesquisa">
<kw name="Input Text" library="SeleniumLibrary">
<arg>id=search_query_top</arg>
<arg>${produto}</arg>
<doc>Types the given ``text`` into the text field identified by ``locator``.</doc>
<msg timestamp="20220210 18:49:26.718" level="INFO">Typing text 'Blouse' into text field 'id=search_query_top'.</msg>
<status status="PASS" starttime="20220210 18:49:26.717" endtime="20220210 18:49:26.814"/>
</kw>
<status status="PASS" starttime="20220210 18:49:26.716" endtime="20220210 18:49:26.814"/>
</kw>
<kw name="Fechar navegador" library="Resource" type="TEARDOWN">
<kw name="Close Browser" library="SeleniumLibrary">
<doc>Closes the current browser.</doc>
<status status="PASS" starttime="20220210 18:49:26.815" endtime="20220210 18:49:28.966"/>
</kw>
<status status="PASS" starttime="20220210 18:49:26.815" endtime="20220210 18:49:28.966"/>
</kw>
<status status="PASS" starttime="20220210 18:49:18.124" endtime="20220210 18:49:28.967"/>
</test>
<status status="PASS" starttime="20220210 18:49:17.923" endtime="20220210 18:49:28.972"/>
</suite>
<statistics>
<total>
<stat pass="1" fail="0" skip="0">All Tests</stat>
</total>
<tag>
</tag>
<suite>
<stat pass="1" fail="0" skip="0" id="s1" name="TestSitePractice">TestSitePractice</stat>
</suite>
</statistics>
<errors>
</errors>
</robot>
