<?xml version="1.0" encoding="UTF-8"?>
<robot generator="Robot 4.1.3 (Python 3.10.2 on win32)" generated="20220212 14:45:06.263" rpa="false" schemaversion="2">
<suite id="s1" name="TestCasesApiBooks" source="C:\Projeto Robot\suiteSiteTestes\testsApi\TestCasesApiBooks.robot">
<kw name="Conectar Api" library="ResourceApi" type="SETUP">
<msg timestamp="20220212 14:45:06.405" level="FAIL">User keyword 'Conectar Api' contains no keywords.</msg>
<status status="FAIL" starttime="20220212 14:45:06.405" endtime="20220212 14:45:06.406"/>
</kw>
<test id="s1-t1" name="Buscar a lsitagem de todos os livros (GET em todos os livros)">
<status status="FAIL" starttime="20220212 14:45:06.406" endtime="20220212 14:45:06.406">Parent suite setup failed:
User keyword 'Conectar Api' contains no keywords.</status>
</test>
<test id="s1-t2" name="Buscar um livro especifico (GET em um livro especifico)">
<status status="FAIL" starttime="20220212 14:45:06.407" endtime="20220212 14:45:06.407">Parent suite setup failed:
User keyword 'Conectar Api' contains no keywords.</status>
</test>
<test id="s1-t3" name="Cadastrar um livro (POST)">
<status status="FAIL" starttime="20220212 14:45:06.409" endtime="20220212 14:45:06.410">Parent suite setup failed:
User keyword 'Conectar Api' contains no keywords.</status>
</test>
<doc>Documentação da API: https://fakerestapi.azurewebsites.net/api/v1/Books</doc>
<status status="FAIL" starttime="20220212 14:45:06.264" endtime="20220212 14:45:06.412">Suite setup failed:
User keyword 'Conectar Api' contains no keywords.</status>
</suite>
<statistics>
<total>
<stat pass="0" fail="3" skip="0">All Tests</stat>
</total>
<tag>
</tag>
<suite>
<stat pass="0" fail="3" skip="0" id="s1" name="TestCasesApiBooks">TestCasesApiBooks</stat>
</suite>
</statistics>
<errors>
<msg timestamp="20220212 14:45:06.288" level="ERROR">Error in resource file 'C:\Projeto Robot\suiteSiteTestes\testsApi\ResourceApi.robot': Creating keyword 'Conferir o status code' failed: Invalid argument specification: Invalid argument syntax 'Should Be Equal As Strings'.</msg>
<msg timestamp="20220212 14:45:06.290" level="ERROR">Error in resource file 'C:\Projeto Robot\suiteSiteTestes\testsApi\ResourceApi.robot': Creating keyword 'Conferir o reason' failed: Invalid argument specification: Invalid argument syntax 'Should Be Equal As Strings'.</msg>
</errors>
</robot>
