<?xml version="1.0" encoding="UTF-8"?>
<robot generator="Robot 4.1.3 (Python 3.10.2 on win32)" generated="20220211 14:57:08.531" rpa="false" schemaversion="2">
<suite id="s1" name="TestSitePractice" source="C:\Projeto Robot\suiteSiteTestes\tests\TestSitePractice.robot">
<test id="s1-t1" name="Caso de Teste 01: Pesquisar produto existente">
<kw name="Abrir navegador" library="Resource" type="SETUP">
<kw name="Open Browser" library="SeleniumLibrary">
<arg>about:blank</arg>
<arg>${BROWSER}</arg>
<doc>Opens a new browser instance to the optional ``url``.</doc>
<msg timestamp="20220211 14:57:08.810" level="INFO">Opening browser 'chrome' to base url 'about:blank'.</msg>
<status status="PASS" starttime="20220211 14:57:08.807" endtime="20220211 14:57:12.322"/>
</kw>
<kw name="Maximize Browser Window" library="SeleniumLibrary">
<doc>Maximizes current browser window.</doc>
<status status="PASS" starttime="20220211 14:57:12.322" endtime="20220211 14:57:12.453"/>
</kw>
<status status="PASS" starttime="20220211 14:57:08.806" endtime="20220211 14:57:12.454"/>
</kw>
<kw name="Acessar a página home do site" library="Resource">
<kw name="Go To" library="SeleniumLibrary">
<arg>http://automationpractice.com</arg>
<doc>Navigates the current browser window to the provided ``url``.</doc>
<msg timestamp="20220211 14:57:12.456" level="INFO">Opening url 'http://automationpractice.com'</msg>
<status status="PASS" starttime="20220211 14:57:12.456" endtime="20220211 14:57:41.418"/>
</kw>
<kw name="Title Should Be" library="SeleniumLibrary">
<arg>My Store</arg>
<doc>Verifies that the current page title equals ``title``.</doc>
<msg timestamp="20220211 14:57:41.425" level="INFO">Page title is 'My Store'.</msg>
<status status="PASS" starttime="20220211 14:57:41.418" endtime="20220211 14:57:41.426"/>
</kw>
<status status="PASS" starttime="20220211 14:57:12.455" endtime="20220211 14:57:41.426"/>
</kw>
<kw name="Digitar o nome do produto &quot;Blouse&quot; no campo de pesquisa" library="Resource" sourcename="Digitar o nome do produto &quot;${produto}&quot; no campo de pesquisa">
<kw name="Input Text" library="SeleniumLibrary">
<arg>name=search_query</arg>
<arg>${produto}</arg>
<doc>Types the given ``text`` into the text field identified by ``locator``.</doc>
<msg timestamp="20220211 14:57:41.429" level="INFO">Typing text 'Blouse' into text field 'name=search_query'.</msg>
<status status="PASS" starttime="20220211 14:57:41.428" endtime="20220211 14:57:41.543"/>
</kw>
<status status="PASS" starttime="20220211 14:57:41.428" endtime="20220211 14:57:41.543"/>
</kw>
<kw name="Clicar no botão Pesquisar" library="Resource">
<kw name="Click Element" library="SeleniumLibrary">
<arg>name=submit_search</arg>
<doc>Click the element identified by ``locator``.</doc>
<msg timestamp="20220211 14:57:41.546" level="INFO">Clicking element 'name=submit_search'.</msg>
<status status="PASS" starttime="20220211 14:57:41.546" endtime="20220211 14:57:57.296"/>
</kw>
<status status="PASS" starttime="20220211 14:57:41.544" endtime="20220211 14:57:57.297"/>
</kw>
<kw name="Conferir se o produto &quot;Blouse&quot; foi listado no site" library="Resource" sourcename="Conferir se o produto &quot;${produto}&quot; foi listado no site">
<kw name="Wait Until Element Is Visible" library="SeleniumLibrary">
<arg>css=#center_column &gt; h1</arg>
<doc>Waits until the element ``locator`` is visible.</doc>
<status status="PASS" starttime="20220211 14:57:57.298" endtime="20220211 14:57:57.335"/>
</kw>
<kw name="Title Should Be" library="SeleniumLibrary">
<arg>Search - My Store</arg>
<doc>Verifies that the current page title equals ``title``.</doc>
<msg timestamp="20220211 14:57:57.340" level="INFO">Page title is 'Search - My Store'.</msg>
<status status="PASS" starttime="20220211 14:57:57.335" endtime="20220211 14:57:57.340"/>
</kw>
<status status="PASS" starttime="20220211 14:57:57.297" endtime="20220211 14:57:57.340"/>
</kw>
<kw name="Fechar navegador" library="Resource" type="TEARDOWN">
<kw name="Capture Page Screenshot" library="SeleniumLibrary">
<doc>Takes a screenshot of the current page and embeds it into a log file.</doc>
<msg timestamp="20220211 14:58:11.019" level="INFO" html="true">&lt;/td&gt;&lt;/tr&gt;&lt;tr&gt;&lt;td colspan="3"&gt;&lt;a href="selenium-screenshot-1.png"&gt;&lt;img src="selenium-screenshot-1.png" width="800px"&gt;&lt;/a&gt;</msg>
<status status="PASS" starttime="20220211 14:57:57.342" endtime="20220211 14:58:11.019"/>
</kw>
<kw name="Close Browser" library="SeleniumLibrary">
<doc>Closes the current browser.</doc>
<status status="PASS" starttime="20220211 14:58:11.020" endtime="20220211 14:58:18.449"/>
</kw>
<status status="PASS" starttime="20220211 14:57:57.341" endtime="20220211 14:58:18.450"/>
</kw>
<status status="PASS" starttime="20220211 14:57:08.804" endtime="20220211 14:58:18.452"/>
</test>
<status status="PASS" starttime="20220211 14:57:08.533" endtime="20220211 14:58:18.458"/>
</suite>
<statistics>
<total>
<stat pass="1" fail="0" skip="0">All Tests</stat>
</total>
<tag>
</tag>
<suite>
<stat pass="1" fail="0" skip="0" id="s1" name="TestSitePractice">TestSitePractice</stat>
</suite>
</statistics>
<errors>
</errors>
</robot>
